[LOG] System::create                           : Header version = 2.02.04. Current version = 2.02.04.
[LOG] Manager::init                            : maxchannels = 256 studioflags = 00000006 flags 00000000 extradriverdata 0000000000000000.
[LOG] SystemI::init                            : Initialize version=20204 (121702), maxchannels=256, flags=0x00020000
[LOG] SystemI::setOutputInternal               : Setting output to 'FMOD WASAPI Output'
[LOG] AsyncThread::threadFunc                  : Starting Asynchronous operation on sound 000002F71C5940A8
[LOG] AsyncThread::threadFunc                  : Finished Asynchronous operation on sound 000002F71C5940A8
[LOG] OutputWASAPI::init                       : Mix Format (WAVEFORMATEX): wFormatTag=0xFFFE, nChannels=8, nSamplesPerSec=48000, nAvgBytesPerSec=1536000, nBlockAlign=32, wBitsPerSample=32, cbSize=22.
[LOG] OutputWASAPI::init                       : Mix Format (WAVEFORMATEXTENSIBLE): wValidBitsPerSample=32, dwChannelMask=0x0000063F, SubFormat=00000003-0000-0010-8000-00AA00389B71.
[LOG] OutputWASAPI::init                       : Output buffer size: 4096 samples, latency: 0.00ms, period: 10.00ms, DSP buffer: 1024 * 4
[LOG] DownMix::init                            : dspbuffersize: 1024  rate: 48000. output speaker mode: 7, input speaker mode 3
[LOG] DownMix::init                            : done.
[LOG] Thread::initThread                       : Init FMOD stream thread. Affinity: 0x4000000000000003, Priority: 0xFFFF7FFB, Stack Size: 98304, Semaphore: No, Sleep Time: 10, Looping: Yes.
[LOG] Thread::initThread                       : Init FMOD mixer thread. Affinity: 0x4000000000000001, Priority: 0xFFFF7FFA, Stack Size: 81920, Semaphore: No, Sleep Time: 0, Looping: Yes.
[LOG] AsyncManager::init                       : manager 000002F78B56E108 isAsync 0 updatePeriod 0.02
[LOG] AsyncManager::init                       : done
[LOG] PlaybackSystem::init                     : 
[LOG] Thread::initThread                       : Init FMOD Studio sample load thread. Affinity: 0x4000000000000003, Priority: 0xFFFF7FFD, Stack Size: 98304, Semaphore: No, Sleep Time: 1, Looping: No.
[LOG] PlaybackSystem::init                     : done
[LOG] Thread::initThread                       : Init FMOD Studio bank load thread. Affinity: 0x4000000000000003, Priority: 0xFFFF7FFD, Stack Size: 98304, Semaphore: No, Sleep Time: 1, Looping: No.
[LOG] Manager::init                            : done.
[LOG] Manager::readBank                        : fileversion = 141, compatVersion = 140 (oldest = 44, newest = 141)
[LOG] Manager::readBank                        : fileversion = 141, compatVersion = 140 (oldest = 44, newest = 141)
[LOG] Manager::readBank                        : fileversion = 141, compatVersion = 140 (oldest = 44, newest = 141)
[LOG] Manager::readBank                        : fileversion = 141, compatVersion = 140 (oldest = 44, newest = 141)
[LOG] PlaybackSystem::acquireMasterBus         : Setting master channel group format to 6
[LOG] Manager::readBank                        : fileversion = 141, compatVersion = 140 (oldest = 44, newest = 141)
[LOG] SystemI::createSound                     : filename = ProjetHorreurFmod/Build/Desktop/Ambiance.bank : mode 02010082
[LOG] SystemI::createSound                     : FMOD_NONBLOCKING specified.  Putting into queue to be opened asynchronously!
[LOG] SystemI::createSound                     : setdata soundi = 000002F78C786128 : node = 000002F71DBDCF60
[LOG] SystemI::createSound                     : add node to async list : head = 000002F720FE37D8.  list count = 0
[LOG] AsyncThread::threadFunc                  : Starting Asynchronous operation on sound 000002F78C786128
[LOG] SystemI::createSoundInternal             :     Create name='ProjetHorreurFmod/Build/Desktop/Ambiance.bank', mode=0x02010082
[LOG] SystemI::createSoundInternal             :     exinfo->cbsize             = 224
[LOG] SystemI::createSoundInternal             :     exinfo->length             = 32895040
[LOG] SystemI::createSoundInternal             :     exinfo->fileoffset         = 14144
[LOG] SystemI::createSound                     :     filename = ProjetHorreurFmod/Build/Desktop/Ambiance.bank : mode 02010082
[LOG] SystemI::createSoundInternal             :     exinfo->numsubsounds       = 1
[LOG] SystemI::createSoundInternal             :     exinfo->inclusionlist      = 000002F71DBDD070
[LOG] SystemI::createSound                     :     FMOD_NONBLOCKING specified.  Putting into queue to be opened asynchronously!
[LOG] SystemI::createSoundInternal             :     exinfo->inclusionlistnum   = 1
[LOG] SystemI::createSound                     :     setdata soundi = 000002F78C7862D8 : node = 000002F71DBDD1E0
[LOG] SystemI::createSoundInternal             :     exinfo->suggestedsoundtype = 5
[LOG] SystemI::createSound                     :     add node to async list : head = 000002F720FE37D8.  list count = 0
[LOG] SystemI::createSoundInternal             :     exinfo->initialseekpostype = 1
[LOG] SystemI::createSoundInternal             :     Create name='', mode=0x02000202
[LOG] SystemI::createSoundInternal             :     exinfo->cbsize             = 224
[LOG] SystemI::createSoundInternal             :     exinfo->length             = 267232
[LOG] SystemI::createSoundInternal             :     exinfo->fileoffset         = 26944
[LOG] SystemI::createSoundInternal             :     exinfo->numsubsounds       = 1
[LOG] SystemI::createSoundInternal             :     Stream 0/1: name='Labo_Ambiance', format=5, channels=2, frequency=48000, lengthbytes=1607488, lengthpcm=6797952, pcmblocksize=0, loopstart=0, loopend=0, mode=0x00000000, channelmask=0x00000000, channelorder=0, peakvolume=0.344971.
[LOG] SystemI::createSoundInternal             :     exinfo->inclusionlist      = 000000FECC56F328
[LOG] SystemI::createSoundInternal             :     exinfo->inclusionlistnum   = 1
[LOG] SystemI::createSoundInternal             :     exinfo->suggestedsoundtype = 5
[LOG] SystemI::createSoundInternal             :     exinfo->useropen           = 00007FFAC2F70AD0
[LOG] SystemI::createSoundInternal             :     exinfo->userclose          = 00007FFAC2F70AA0
[LOG] SystemI::createSoundInternal             :     exinfo->userread           = 00007FFAC2F70BA0
[LOG] SystemI::createSoundInternal             :     exinfo->userseek           = 00007FFAC2F70C60
[LOG] SystemI::createSoundInternal             :     exinfo->fileuserdata       = 000002F71CE2D738
[LOG] SystemI::createSoundInternal             :     exinfo->initialseekpostype = 1
[LOG] AsyncThread::threadFunc                  : Finished Asynchronous operation on sound 000002F78C786128
[LOG] AsyncThread::threadFunc                  : Starting Asynchronous operation on sound 000002F78C7862D8
[LOG] SystemI::createSoundInternal             :     Create name='ProjetHorreurFmod/Build/Desktop/Ambiance.bank', mode=0x02010082
[LOG] SystemI::createSoundInternal             :     exinfo->cbsize             = 224
[LOG] SystemI::createSoundInternal             :     exinfo->length             = 32895040
[LOG] SystemI::createSoundInternal             :     exinfo->fileoffset         = 14144
[LOG] SystemI::createSoundInternal             :     exinfo->numsubsounds       = 1
[LOG] SystemI::createSoundInternal             :     exinfo->inclusionlist      = 000002F71DBDD2F0
[LOG] SystemI::createSoundInternal             :     exinfo->inclusionlistnum   = 1
[LOG] SystemI::createSoundInternal             :     exinfo->suggestedsoundtype = 5
[LOG] SystemI::createSoundInternal             :     exinfo->initialseekpostype = 1
[LOG] SystemI::createSoundInternal             :     Stream 0/1: name='12 Hours of Ambient Sound from Forbidden Planet The Great Krell Machine 1956_01', format=5, channels=2, frequency=48000, lengthbytes=9518496, lengthpcm=41016960, pcmblocksize=0, loopstart=0, loopend=0, mode=0x00000000, channelmask=0x00000000, channelorder=0, peakvolume=0.421143.
[LOG] SystemI::DSPCodecPoolRegister            :     register codec pool for pool type 5
[LOG] SystemI::createSoundInternal             :     Sample 0/1: name='Switch_BV_Inverse', format=5, channels=2, frequency=48000, lengthbytes=17728, lengthpcm=81792, pcmblocksize=0, loopstart=0, loopend=0, mode=0x00000000, channelmask=0x00000000, channelorder=0, peakvolume=0.594910.
[LOG] AsyncThread::threadFunc                  : Finished Asynchronous operation on sound 000002F78C7862D8
[LOG] SoundI::release                          : BlurAmbiance (000002F74502F758)
[LOG] SoundI::release                          :     BlurAmbiance (000002F71B27B358)
[LOG] SoundI::release                          :     BlurAmbiance (000002F71C5940A8)
[LOG] AsyncThread::threadFunc                  : Starting Asynchronous operation on sound 000002F791919598
[LOG] AsyncThread::threadFunc                  : Finished Asynchronous operation on sound 000002F791919598
[LOG] SystemI::createSoundInternal             : Create name='', mode=0x02000202
[LOG] SystemI::createSoundInternal             : exinfo->cbsize             = 224
[LOG] SystemI::createSoundInternal             : exinfo->length             = 5646208
[LOG] SystemI::createSoundInternal             : exinfo->fileoffset         = 16480
[LOG] SystemI::createSoundInternal             : exinfo->numsubsounds       = 1
[LOG] SystemI::createSoundInternal             : exinfo->inclusionlist      = 000000FECC56F328
[LOG] SystemI::createSoundInternal             : exinfo->inclusionlistnum   = 1
[LOG] SystemI::createSoundInternal             : exinfo->suggestedsoundtype = 5
[LOG] SystemI::createSoundInternal             : exinfo->useropen           = 00007FFAC2F70AD0
[LOG] SystemI::createSoundInternal             : exinfo->userclose          = 00007FFAC2F70AA0
[LOG] SystemI::createSoundInternal             : exinfo->userread           = 00007FFAC2F70BA0
[LOG] SystemI::createSoundInternal             : exinfo->userseek           = 00007FFAC2F70C60
[LOG] SystemI::createSoundInternal             : exinfo->fileuserdata       = 000002F790B97B98
[LOG] SystemI::createSoundInternal             : exinfo->initialseekpostype = 1
[LOG] SystemI::DSPCodecPoolRegister            : register codec pool for pool type 5
[LOG] SystemI::createSoundInternal             : Sample 0/1: name='Trasvaser_Aspiration', format=5, channels=2, frequency=48000, lengthbytes=12672, lengthpcm=65664, pcmblocksize=0, loopstart=0, loopend=0, mode=0x00000000, channelmask=0x00000000, channelorder=0, peakvolume=0.916809.
[LOG] SystemI::createSoundInternal             : Create name='', mode=0x02000202
[LOG] SystemI::createSoundInternal             : exinfo->cbsize             = 224
[LOG] SystemI::createSoundInternal             : exinfo->length             = 267232
[LOG] SystemI::createSoundInternal             : exinfo->fileoffset         = 26944
[LOG] SystemI::createSoundInternal             : exinfo->numsubsounds       = 1
[LOG] SystemI::createSoundInternal             : exinfo->inclusionlist      = 000000FECC56F328
[LOG] SystemI::createSoundInternal             : exinfo->inclusionlistnum   = 1
[LOG] SystemI::createSoundInternal             : exinfo->suggestedsoundtype = 5
[LOG] SystemI::createSoundInternal             : exinfo->useropen           = 00007FFAC2F70AD0
[LOG] SystemI::createSoundInternal             : exinfo->userclose          = 00007FFAC2F70AA0
[LOG] SystemI::createSoundInternal             : exinfo->userread           = 00007FFAC2F70BA0
[LOG] SystemI::createSoundInternal             : exinfo->userseek           = 00007FFAC2F70C60
[LOG] SystemI::createSoundInternal             : exinfo->fileuserdata       = 000002F790B966F8
[LOG] SystemI::createSoundInternal             : exinfo->initialseekpostype = 1
[LOG] SystemI::DSPCodecPoolRegister            : register codec pool for pool type 5
[LOG] SystemI::createSoundInternal             : Sample 0/1: name='Transvaseur_Temps_Transport', format=5, channels=2, frequency=48000, lengthbytes=38080, lengthpcm=194688, pcmblocksize=0, loopstart=0, loopend=0, mode=0x00000000, channelmask=0x00000000, channelorder=0, peakvolume=0.370392.
[LOG] SystemI::createSound                     : filename = ProjetHorreurFmod/Build/Desktop/Ambiance.bank : mode 02010082
[LOG] SystemI::createSound                     : FMOD_NONBLOCKING specified.  Putting into queue to be opened asynchronously!
[LOG] SystemI::createSound                     : setdata soundi = 000002F720F48408 : node = 000002F720AF1110
[LOG] SystemI::createSound                     : add node to async list : head = 000002F720FE37D8.  list count = 0
[LOG] AsyncThread::threadFunc                  : Starting Asynchronous operation on sound 000002F720F48408
[LOG] SystemI::createSoundInternal             :     Create name='ProjetHorreurFmod/Build/Desktop/Ambiance.bank', mode=0x02010082
[LOG] SystemI::createSoundInternal             :     exinfo->cbsize             = 224
[LOG] SystemI::createSoundInternal             :     exinfo->length             = 32895040
[LOG] SystemI::createSoundInternal             :     exinfo->fileoffset         = 14144
[LOG] SystemI::createSoundInternal             :     exinfo->numsubsounds       = 1
[LOG] SystemI::createSoundInternal             :     exinfo->inclusionlist      = 000002F720AF1220
[LOG] SystemI::createSoundInternal             :     exinfo->inclusionlistnum   = 1
[LOG] SystemI::createSoundInternal             :     exinfo->suggestedsoundtype = 5
[LOG] SystemI::createSoundInternal             :     exinfo->initialseekposition = 14500
[LOG] SystemI::createSoundInternal             :     exinfo->initialseekpostype = 1
[LOG] SystemI::createSoundInternal             :     Stream 0/1: name='12 Hours of Ambient Sound from Forbidden Planet The Great Krell Machine 1956_01', format=5, channels=2, frequency=48000, lengthbytes=9518496, lengthpcm=41016960, pcmblocksize=0, loopstart=0, loopend=0, mode=0x00000000, channelmask=0x00000000, channelorder=0, peakvolume=0.421143.
[LOG] AsyncThread::threadFunc                  : Finished Asynchronous operation on sound 000002F720F48408
[LOG] SoundI::release                          : 12 Hours of Ambient Sound from Forbidden Planet The Great Krell Machine 1956_01 (000002F78C7862D8)
[LOG] SoundI::release                          :     12 Hours of Ambient Sound from Forbidden Planet The Great Krell Machine 1956_01 (000002F789C47BC8)
[LOG] SoundI::release                          :     12 Hours of Ambient Sound from Forbidden Planet The Great Krell Machine 1956_01 (000002F791919598)
[LOG] SoundI::release                          : 12 Hours of Ambient Sound from Forbidden Planet The Great Krell Machine 1956_01 (000002F720F48408)
[LOG] SoundI::release                          :     12 Hours of Ambient Sound from Forbidden Planet The Great Krell Machine 1956_01 (000002F71B9F32A8)
[LOG] SoundI::release                          :     12 Hours of Ambient Sound from Forbidden Planet The Great Krell Machine 1956_01 (000002F78AFDDB58)
[LOG] SoundI::release                          : Labo_Ambiance (000002F78C786128)
[LOG] SoundI::release                          :     Labo_Ambiance (000002F789C476E8)
[LOG] SoundI::release                          :     Labo_Ambiance (000002F78E54A8E8)
[LOG] SoundI::release                          :  (000002F78A593BF8)
[LOG] SoundI::release                          :     Trasvaser_Aspiration (000002F78DD4C3C8)
[LOG] SoundI::release                          :  (000002F78A5937A8)
[LOG] SoundI::release                          :     Transvaseur_Temps_Transport (000002F78DD4C088)
[LOG] SoundI::release                          :  (000002F791652E18)
[LOG] SoundI::release                          :     Switch_BV_Inverse (000002F78B294088)
[LOG] Thread::callback                         : FMOD Studio update thread finished.
[LOG] Thread::callback                         : FMOD Studio bank load thread finished.
[LOG] Profile::disconnectAll                   : Profiler disconnecting all clients
[LOG] Thread::callback                         : FMOD Studio sample load thread finished.
[LOG] LiveUpdate::release                      : 
[LOG] LiveUpdate::reset                        : Reset connection (reason Disconnected)
[LOG] Thread::callback                         : FMOD stream thread finished.
[LOG] Thread::callback                         : FMOD mixer thread finished.
[LOG] Profile::disconnectAll                   : Profiler disconnecting all clients
[LOG] SystemI::close                           : Closed.
[LOG] Thread::callback                         : FMOD Studio bank load thread finished.
[LOG] Thread::callback                         : FMOD Studio sample load thread finished.
[LOG] LiveUpdate::release                      : 
[LOG] LiveUpdate::reset                        : Reset connection (reason Disconnected)
[LOG] Thread::callback                         : FMOD stream thread finished.
[LOG] Thread::callback                         : FMOD mixer thread finished.
[LOG] SystemI::close                           : Closed.
[LOG] Thread::callback                         : FMOD nonblocking thread (0) finished.
[LOG] Thread::callback                         : FMOD file thread finished.
